  vie_bonus.cpp
  upgraded_turret.cpp
  tile.cpp
  point_bonus.cpp
  player_character.cpp
  nuke_bonus.cpp
  movable.cpp
  map.cpp
  Main.cpp
  laser_bonus.cpp
  kamikaze.cpp
  Game.cpp
d:\programation\session 3\prog\tp3progjeux\tp3progjeux\game.cpp(4): error C2248: 'map::map' : impossible d'accéder à private membre déclaré(e) dans la classe 'map'
  d:\programation\session 3\prog\tp3progjeux\tp3progjeux\map.h(11): note: voir la déclaration de 'map::map'
  d:\programation\session 3\prog\tp3progjeux\tp3progjeux\map.h(10): note: voir la déclaration de 'map'
  entity.cpp
  enemy.cpp
  character.cpp
  boss.cpp
  bonus.cpp
  bomb_launcher_bonus.cpp
  base_turret.cpp
  base_enemy.cpp
  Génération de code en cours...
